<?xml version="1.0" encoding="UTF-8"?>
<testng-results ignored="0" total="1" passed="1" failed="0" skipped="0">
  <reporter-output>
  </reporter-output>
  <suite started-at="2024-10-14T20:31:03 CEST" name="Default suite" finished-at="2024-10-14T20:31:04 CEST" duration-ms="899">
    <groups>
    </groups>
    <test started-at="2024-10-14T20:31:03 CEST" name="Default test" finished-at="2024-10-14T20:31:04 CEST" duration-ms="899">
      <class name="firstProject.mytestcases">
        <test-method is-config="true" signature="Setup()[pri:0, instance:firstProject.mytestcases@23bff419]" started-at="2024-10-14T20:31:03 CEST" name="Setup" finished-at="2024-10-14T20:31:04 CEST" duration-ms="612" status="PASS">
          <reporter-output>
          </reporter-output>
        </test-method> <!-- Setup -->
        <test-method signature="SerchAboutMySelf()[pri:0, instance:firstProject.mytestcases@23bff419]" started-at="2024-10-14T20:31:04 CEST" name="SerchAboutMySelf" finished-at="2024-10-14T20:31:04 CEST" duration-ms="36" status="PASS">
          <reporter-output>
          </reporter-output>
        </test-method> <!-- SerchAboutMySelf -->
        <test-method is-config="true" signature="AfterMyTest()[pri:0, instance:firstProject.mytestcases@23bff419]" started-at="2024-10-14T20:31:04 CEST" name="AfterMyTest" finished-at="2024-10-14T20:31:04 CEST" duration-ms="1" status="PASS">
          <reporter-output>
          </reporter-output>
        </test-method> <!-- AfterMyTest -->
      </class> <!-- firstProject.mytestcases -->
    </test> <!-- Default test -->
  </suite> <!-- Default suite -->
</testng-results>
